<?xml version="1.0" encoding="UTF-8"?>
<testsuite name="server.AppTest" tests="1" skipped="0" failures="0" errors="0" timestamp="2023-05-06T01:06:31" hostname="archlinux" time="0.035">
  <properties/>
  <testcase name="appHasAGreeting()" classname="server.AppTest" time="0.035"/>
  <system-out><![CDATA[]]></system-out>
  <system-err><![CDATA[]]></system-err>
</testsuite>
